<?xml version="1.0" encoding="UTF-8"?>
<!-- Generated by org.testng.reporters.JUnitReportReporter -->
<testsuite hostname="LAPTOP-ADJJAG8R" failures="0" tests="1" name="Testpage.TestLogin" time="8.334" errors="0" timestamp="09 Nov 2021 15:00:11 GMT" skipped="0">
  <testcase classname="Testpage.TestLogin" name="verifyLoginPage" time="8.334"/>
</testsuite> <!-- Testpage.TestLogin -->
